<?xml version="1.0" encoding="UTF-8"?>
<!-- Generated by org.testng.reporters.JUnitXMLReporter -->
<testsuite ignored="0" hostname="DESKTOP-3RU6S7A" failures="0" tests="3" name="Default test" time="0.165" errors="0" timestamp="2023-04-23T10:48:57 IST">
  <testcase classname="mavenTests.DemoTest2" name="add2" time="0.028"/>
  <testcase classname="mavenTests.DemoTest2" name="div2" time="0.004"/>
  <testcase classname="mavenTests.DemoTest2" name="mul2" time="0.007"/>
</testsuite> <!-- Default test -->
