<?xml version="1.0" encoding="UTF-8"?>
<!-- Generated by org.testng.reporters.JUnitXMLReporter -->
<testsuite ignored="0" hostname="DESKTOP-3RU6S7A" failures="0" tests="9" name="Test" time="0.237" errors="0" timestamp="2023-04-23T10:49:17 IST">
  <testcase classname="mavenTests.DemoTest2" name="add2" time="0.022"/>
  <testcase classname="mavenTests.DemoTest2" name="div2" time="0.004"/>
  <testcase classname="mavenTests.DemoTest2" name="mul2" time="0.006"/>
  <testcase classname="mavenTests.DemoTest1" name="add1" time="0.004"/>
  <testcase classname="mavenTests.DemoTest1" name="div1" time="0.006"/>
  <testcase classname="mavenTests.DemoTest1" name="mul1" time="0.009"/>
  <testcase classname="mavenTests.DemoTest" name="add" time="0.003"/>
  <testcase classname="mavenTests.DemoTest" name="div" time="0.004"/>
  <testcase classname="mavenTests.DemoTest" name="mul" time="0.008"/>
</testsuite> <!-- Test -->
