<?xml version="1.0" encoding="UTF-8"?>
<testng-results ignored="0" total="9" passed="9" failed="0" skipped="0">
  <reporter-output>
  </reporter-output>
  <suite started-at="2023-04-23T10:49:16 IST" name="Suite" finished-at="2023-04-23T10:49:16 IST" duration-ms="237">
    <groups>
    </groups>
    <test started-at="2023-04-23T10:49:16 IST" name="Test" finished-at="2023-04-23T10:49:16 IST" duration-ms="237">
      <class name="mavenTests.DemoTest2">
        <test-method signature="add2()[pri:0, instance:mavenTests.DemoTest2@32b260fa]" started-at="2023-04-23T10:49:16 IST" name="add2" finished-at="2023-04-23T10:49:16 IST" duration-ms="22" status="PASS">
          <reporter-output>
          </reporter-output>
        </test-method> <!-- add2 -->
        <test-method signature="div2()[pri:0, instance:mavenTests.DemoTest2@32b260fa]" started-at="2023-04-23T10:49:16 IST" name="div2" finished-at="2023-04-23T10:49:16 IST" duration-ms="4" status="PASS">
          <reporter-output>
          </reporter-output>
        </test-method> <!-- div2 -->
        <test-method signature="mul2()[pri:0, instance:mavenTests.DemoTest2@32b260fa]" started-at="2023-04-23T10:49:16 IST" name="mul2" finished-at="2023-04-23T10:49:16 IST" duration-ms="6" status="PASS">
          <reporter-output>
          </reporter-output>
        </test-method> <!-- mul2 -->
      </class> <!-- mavenTests.DemoTest2 -->
      <class name="mavenTests.DemoTest1">
        <test-method signature="add1()[pri:0, instance:mavenTests.DemoTest1@7fee8714]" started-at="2023-04-23T10:49:16 IST" name="add1" finished-at="2023-04-23T10:49:16 IST" duration-ms="4" status="PASS">
          <reporter-output>
          </reporter-output>
        </test-method> <!-- add1 -->
        <test-method signature="div1()[pri:0, instance:mavenTests.DemoTest1@7fee8714]" started-at="2023-04-23T10:49:16 IST" name="div1" finished-at="2023-04-23T10:49:16 IST" duration-ms="6" status="PASS">
          <reporter-output>
          </reporter-output>
        </test-method> <!-- div1 -->
        <test-method signature="mul1()[pri:0, instance:mavenTests.DemoTest1@7fee8714]" started-at="2023-04-23T10:49:16 IST" name="mul1" finished-at="2023-04-23T10:49:16 IST" duration-ms="9" status="PASS">
          <reporter-output>
          </reporter-output>
        </test-method> <!-- mul1 -->
      </class> <!-- mavenTests.DemoTest1 -->
      <class name="mavenTests.DemoTest">
        <test-method signature="add()[pri:0, instance:mavenTests.DemoTest@2b91004a]" started-at="2023-04-23T10:49:16 IST" name="add" finished-at="2023-04-23T10:49:16 IST" duration-ms="3" status="PASS">
          <reporter-output>
          </reporter-output>
        </test-method> <!-- add -->
        <test-method signature="div()[pri:0, instance:mavenTests.DemoTest@2b91004a]" started-at="2023-04-23T10:49:16 IST" name="div" finished-at="2023-04-23T10:49:16 IST" duration-ms="4" status="PASS">
          <reporter-output>
          </reporter-output>
        </test-method> <!-- div -->
        <test-method signature="mul()[pri:0, instance:mavenTests.DemoTest@2b91004a]" started-at="2023-04-23T10:49:16 IST" name="mul" finished-at="2023-04-23T10:49:16 IST" duration-ms="8" status="PASS">
          <reporter-output>
          </reporter-output>
        </test-method> <!-- mul -->
      </class> <!-- mavenTests.DemoTest -->
    </test> <!-- Test -->
  </suite> <!-- Suite -->
</testng-results>
